2021-03-17 11:07:14,239 CRIT Supervisor running as root (no user in config file)
2021-03-17 11:07:14,241 INFO Included extra file "/opt/docker/etc/supervisor.d/apache.conf" during parsing
2021-03-17 11:07:14,241 INFO Included extra file "/opt/docker/etc/supervisor.d/cron.conf" during parsing
2021-03-17 11:07:14,242 INFO Included extra file "/opt/docker/etc/supervisor.d/dnsmasq.conf" during parsing
2021-03-17 11:07:14,243 INFO Included extra file "/opt/docker/etc/supervisor.d/postfix.conf" during parsing
2021-03-17 11:07:14,243 INFO Included extra file "/opt/docker/etc/supervisor.d/ssh.conf" during parsing
2021-03-17 11:07:14,244 INFO Included extra file "/opt/docker/etc/supervisor.d/syslog.conf" during parsing
2021-03-17 11:07:14,261 INFO RPC interface 'supervisor' initialized
2021-03-17 11:07:14,267 INFO supervisord started with pid 23
2021-03-17 11:07:15,270 INFO spawned: 'apached' with pid 26
2021-03-17 11:07:15,284 INFO success: apached entered RUNNING state, process has stayed up for > than 0 seconds (startsecs)
2021-03-17 11:12:38,209 CRIT Supervisor running as root (no user in config file)
2021-03-17 11:12:38,210 INFO Included extra file "/opt/docker/etc/supervisor.d/apache.conf" during parsing
2021-03-17 11:12:38,211 INFO Included extra file "/opt/docker/etc/supervisor.d/cron.conf" during parsing
2021-03-17 11:12:38,213 INFO Included extra file "/opt/docker/etc/supervisor.d/dnsmasq.conf" during parsing
2021-03-17 11:12:38,213 INFO Included extra file "/opt/docker/etc/supervisor.d/postfix.conf" during parsing
2021-03-17 11:12:38,214 INFO Included extra file "/opt/docker/etc/supervisor.d/ssh.conf" during parsing
2021-03-17 11:12:38,215 INFO Included extra file "/opt/docker/etc/supervisor.d/syslog.conf" during parsing
2021-03-17 11:12:38,232 INFO RPC interface 'supervisor' initialized
2021-03-17 11:12:38,238 INFO supervisord started with pid 22
2021-03-17 11:12:39,241 INFO spawned: 'apached' with pid 25
2021-03-17 11:12:39,259 INFO success: apached entered RUNNING state, process has stayed up for > than 0 seconds (startsecs)
2021-03-17 11:32:39,967 CRIT Supervisor running as root (no user in config file)
2021-03-17 11:32:39,969 INFO Included extra file "/opt/docker/etc/supervisor.d/apache.conf" during parsing
2021-03-17 11:32:39,969 INFO Included extra file "/opt/docker/etc/supervisor.d/cron.conf" during parsing
2021-03-17 11:32:39,970 INFO Included extra file "/opt/docker/etc/supervisor.d/dnsmasq.conf" during parsing
2021-03-17 11:32:39,971 INFO Included extra file "/opt/docker/etc/supervisor.d/postfix.conf" during parsing
2021-03-17 11:32:39,972 INFO Included extra file "/opt/docker/etc/supervisor.d/ssh.conf" during parsing
2021-03-17 11:32:39,972 INFO Included extra file "/opt/docker/etc/supervisor.d/syslog.conf" during parsing
2021-03-17 11:32:39,992 INFO RPC interface 'supervisor' initialized
2021-03-17 11:32:39,999 INFO supervisord started with pid 23
2021-03-17 11:32:41,004 INFO spawned: 'apached' with pid 26
2021-03-17 11:32:41,032 INFO success: apached entered RUNNING state, process has stayed up for > than 0 seconds (startsecs)
2021-03-17 11:44:36,032 CRIT Supervisor running as root (no user in config file)
2021-03-17 11:44:36,034 INFO Included extra file "/opt/docker/etc/supervisor.d/apache.conf" during parsing
2021-03-17 11:44:36,035 INFO Included extra file "/opt/docker/etc/supervisor.d/cron.conf" during parsing
2021-03-17 11:44:36,035 INFO Included extra file "/opt/docker/etc/supervisor.d/dnsmasq.conf" during parsing
2021-03-17 11:44:36,036 INFO Included extra file "/opt/docker/etc/supervisor.d/postfix.conf" during parsing
2021-03-17 11:44:36,037 INFO Included extra file "/opt/docker/etc/supervisor.d/ssh.conf" during parsing
2021-03-17 11:44:36,037 INFO Included extra file "/opt/docker/etc/supervisor.d/syslog.conf" during parsing
2021-03-17 11:44:36,054 INFO RPC interface 'supervisor' initialized
2021-03-17 11:44:36,060 INFO supervisord started with pid 23
2021-03-17 11:44:37,064 INFO spawned: 'apached' with pid 26
2021-03-17 11:44:37,078 INFO success: apached entered RUNNING state, process has stayed up for > than 0 seconds (startsecs)
